<?xml version="1.0" encoding="UTF-8"?>
<!-- Generated by org.testng.reporters.JUnitReportReporter -->
<testsuite hostname="DESKTOP-C7ALN6B" failures="0" tests="7" name="com.qc.pom.tests.POMTest" time="4.777" errors="0" timestamp="2024-06-29T10:43:37 IST" skipped="0">
  <testcase classname="com.qc.pom.tests.POMTest" name="doLogin" time="0.549"/>
  <system-out/>
  <testcase classname="com.qc.pom.tests.POMTest" name="doLogin" time="1.449"/>
  <system-out/>
  <testcase classname="com.qc.pom.tests.POMTest" name="doLogin" time="0.434"/>
  <system-out/>
  <testcase classname="com.qc.pom.tests.POMTest" name="doLogin" time="0.642"/>
  <system-out/>
  <testcase classname="com.qc.pom.tests.POMTest" name="doLogin" time="0.461"/>
  <system-out/>
  <testcase classname="com.qc.pom.tests.POMTest" name="doLogin" time="0.683"/>
  <system-out/>
  <testcase classname="com.qc.pom.tests.POMTest" name="doLogin" time="0.559"/>
  <system-out/>
</testsuite> <!-- com.qc.pom.tests.POMTest -->
